<?xml version="1.0" encoding="UTF-8"?>
<!-- Generated by org.testng.reporters.JUnitReportReporter -->
<testsuite skipped="0" hostname="DESKTOP-9GU8BET" name="ucam.uap.bd.edu.NegativeTest" tests="2" failures="0" timestamp="2020-03-07T00:06:56 BDT" time="37.141" errors="0">
  <testcase name="loginChekh1" time="19.456" classname="ucam.uap.bd.edu.NegativeTest"/>
  <system-out/>
  <testcase name="loginChekh2" time="17.685" classname="ucam.uap.bd.edu.NegativeTest"/>
  <system-out/>
</testsuite> <!-- ucam.uap.bd.edu.NegativeTest -->
