<?xml version="1.0" encoding="UTF-8"?>
<!-- Generated by org.testng.reporters.JUnitReportReporter -->
<testsuite skipped="0" hostname="DESKTOP-9GU8BET" name="failedtestrun.Testcase3" tests="1" failures="0" timestamp="2020-04-23T01:03:34 BDT" time="0.018" errors="0">
  <testcase name="wordpressrun" time="0.018" classname="failedtestrun.Testcase3"/>
  <system-out/>
</testsuite> <!-- failedtestrun.Testcase3 -->
