<?xml version="1.0" encoding="UTF-8"?>
<!-- Generated by org.testng.reporters.JUnitReportReporter -->
<testsuite skipped="0" hostname="DESKTOP-9GU8BET" name="failedtestrun.Testcase1" tests="1" failures="0" timestamp="2020-04-23T01:03:34 BDT" time="0.004" errors="0">
  <testcase name="fbrun" time="0.004" classname="failedtestrun.Testcase1"/>
  <system-out/>
</testsuite> <!-- failedtestrun.Testcase1 -->
